2021-12-26T20:18:03.378128Z 0 [System] [MY-010116] [Server] C:\Users\uuhg3\Desktop\sae_projekt\core\mysql\bin\mysqld_z.exe (mysqld 8.0.23) starting as process 5244
2021-12-26T20:18:03.391717Z 0 [Warning] [MY-013242] [Server] --character-set-server: 'utf8' is currently an alias for the character set UTF8MB3, but will be an alias for UTF8MB4 in a future release. Please consider using UTF8MB4 in order to be unambiguous.
2021-12-26T20:18:03.423186Z 1 [System] [MY-013576] [InnoDB] InnoDB initialization has started.
2021-12-26T20:18:04.042828Z 1 [System] [MY-013577] [InnoDB] InnoDB initialization has ended.
2021-12-26T20:18:04.318464Z 0 [System] [MY-011323] [Server] X Plugin ready for connections. Bind-address: '::' port: 33060
2021-12-26T20:18:04.473001Z 0 [Warning] [MY-010075] [Server] No existing UUID has been found, so we assume that this is the first time that this server has been started. Generating a new UUID: ee820e90-6688-11ec-bd6b-e86a64ee1e23.
2021-12-26T20:18:04.483608Z 0 [ERROR] [MY-011947] [InnoDB] Cannot open 'C:\Users\uuhg3\Desktop\sae_projekt\core\mysql\data\ib_buffer_pool' for reading: No such file or directory
2021-12-26T20:18:04.732896Z 0 [Warning] [MY-010068] [Server] CA certificate ca.pem is self signed.
2021-12-26T20:18:04.733857Z 0 [System] [MY-013602] [Server] Channel mysql_main configured to support TLS. Encrypted connections are now supported for this channel.
2021-12-26T20:18:04.833842Z 0 [System] [MY-010931] [Server] C:\Users\uuhg3\Desktop\sae_projekt\core\mysql\bin\mysqld_z.exe: ready for connections. Version: '8.0.23'  socket: ''  port: 3306  MySQL Community Server - GPL.
2021-12-26T20:18:15.129478Z 0 [System] [MY-010116] [Server] C:\Users\uuhg3\Desktop\sae_projekt\core\mysql\bin\mysqld_z.exe (mysqld 8.0.23) starting as process 14200
2021-12-26T20:18:15.131376Z 0 [Warning] [MY-013242] [Server] --character-set-server: 'utf8' is currently an alias for the character set UTF8MB3, but will be an alias for UTF8MB4 in a future release. Please consider using UTF8MB4 in order to be unambiguous.
2021-12-26T20:18:15.151089Z 1 [System] [MY-013576] [InnoDB] InnoDB initialization has started.
2021-12-26T20:18:15.907596Z 1 [System] [MY-013577] [InnoDB] InnoDB initialization has ended.
2021-12-26T20:18:16.287987Z 0 [System] [MY-011323] [Server] X Plugin ready for connections. Bind-address: '::' port: 33060
2021-12-26T20:18:16.534751Z 0 [System] [MY-010229] [Server] Starting XA crash recovery...
2021-12-26T20:18:16.543205Z 0 [System] [MY-010232] [Server] XA crash recovery finished.
2021-12-26T20:18:16.564066Z 0 [ERROR] [MY-011947] [InnoDB] Cannot open 'C:\Users\uuhg3\Desktop\sae_projekt\core\mysql\data\ib_buffer_pool' for reading: No such file or directory
2021-12-26T20:18:16.636769Z 0 [Warning] [MY-010068] [Server] CA certificate ca.pem is self signed.
2021-12-26T20:18:16.638572Z 0 [System] [MY-013602] [Server] Channel mysql_main configured to support TLS. Encrypted connections are now supported for this channel.
2021-12-26T20:18:16.768555Z 0 [System] [MY-010931] [Server] C:\Users\uuhg3\Desktop\sae_projekt\core\mysql\bin\mysqld_z.exe: ready for connections. Version: '8.0.23'  socket: ''  port: 3306  MySQL Community Server - GPL.
